c:\users\dell\desktop\game4\debug\game.pch
c:\users\dell\desktop\game4\debug\vc141.pdb
c:\users\dell\desktop\game4\debug\vc141.idb
c:\users\dell\desktop\game4\debug\stdafx.obj
c:\users\dell\desktop\game4\debug\cgameblockdebris.obj
c:\users\dell\desktop\game4\debug\cgamecoin.obj
c:\users\dell\desktop\game4\debug\cgameflag.obj
c:\users\dell\desktop\game4\debug\cgamegoombas.obj
c:\users\dell\desktop\game4\debug\cgamekoppa.obj
c:\users\dell\desktop\game4\debug\cgameminion.obj
c:\users\dell\desktop\game4\debug\cgamemap.obj
c:\users\dell\desktop\game4\debug\cgamemaplevel.obj
c:\users\dell\desktop\game4\debug\cgamemushroom.obj
c:\users\dell\desktop\game4\debug\cgamepipe.obj
c:\users\dell\desktop\game4\debug\cgameplayer.obj
c:\users\dell\desktop\game4\debug\cgamesprite.obj
c:\users\dell\desktop\game4\debug\cgamestar.obj
c:\users\dell\desktop\game4\debug\game.obj
c:\users\dell\desktop\game4\debug\gamedoc.obj
c:\users\dell\desktop\game4\debug\gameview.obj
c:\users\dell\desktop\game4\debug\mainfrm.obj
c:\users\dell\desktop\game4\debug\gamelib.obj
c:\users\dell\desktop\game4\debug\mygame.obj
c:\users\dell\desktop\game4\debug\vector2.obj
c:\users\dell\desktop\game4\debug\audio.obj
c:\users\dell\desktop\game4\debug\cgameblock.obj
c:\users\dell\desktop\game4\debug\game.ilk
c:\users\dell\desktop\game4\debug\game.exe
c:\users\dell\desktop\game4\debug\game.pdb
c:\users\dell\desktop\game4\debug\game.res
c:\users\dell\desktop\game4\.\debug\game.exe
c:\users\dell\desktop\game4\debug\game.tlog\cl.command.1.tlog
c:\users\dell\desktop\game4\debug\game.tlog\cl.read.1.tlog
c:\users\dell\desktop\game4\debug\game.tlog\cl.write.1.tlog
c:\users\dell\desktop\game4\debug\game.tlog\link.command.1.tlog
c:\users\dell\desktop\game4\debug\game.tlog\link.read.1.tlog
c:\users\dell\desktop\game4\debug\game.tlog\link.write.1.tlog
c:\users\dell\desktop\game4\debug\game.tlog\rc.command.1.tlog
c:\users\dell\desktop\game4\debug\game.tlog\rc.read.1.tlog
c:\users\dell\desktop\game4\debug\game.tlog\rc.write.1.tlog
